c:\users\2busty\desktop\styx client\kisse client\x64\release\vc143.pdb
c:\users\2busty\desktop\styx client\kisse client\x64\release\miniz.obj
c:\users\2busty\desktop\styx client\kisse client\x64\release\imgui_tables.obj
c:\users\2busty\desktop\styx client\kisse client\x64\release\floatbuffer.obj
c:\users\2busty\desktop\styx client\kisse client\x64\release\iblockstate.obj
c:\users\2busty\desktop\styx client\kisse client\x64\release\playercontrollermp.obj
c:\users\2busty\desktop\styx client\kisse client\x64\release\entity.obj
c:\users\2busty\desktop\styx client\kisse client\x64\release\c04packetplayerposition.obj
c:\users\2busty\desktop\styx client\kisse client\x64\release\movingobjectposition.obj
c:\users\2busty\desktop\styx client\kisse client\x64\release\javahook.obj
c:\users\2busty\desktop\styx client\kisse client\x64\release\fastplace.obj
c:\users\2busty\desktop\styx client\kisse client\x64\release\nomiss.obj
c:\users\2busty\desktop\styx client\kisse client\x64\release\theme.obj
c:\users\2busty\desktop\styx client\kisse client\x64\release\imgui_draw.obj
c:\users\2busty\desktop\styx client\kisse client\x64\release\list.obj
c:\users\2busty\desktop\styx client\kisse client\x64\release\networkmanager.obj
c:\users\2busty\desktop\styx client\kisse client\x64\release\world.obj
c:\users\2busty\desktop\styx client\kisse client\x64\release\autoclicker.obj
c:\users\2busty\desktop\styx client\kisse client\x64\release\xray.obj
c:\users\2busty\desktop\styx client\kisse client\x64\release\hotspot.obj
c:\users\2busty\desktop\styx client\kisse client\x64\release\worldclient.obj
c:\users\2busty\desktop\styx client\kisse client\x64\release\s14packetentity.obj
c:\users\2busty\desktop\styx client\kisse client\x64\release\backtrack.obj
c:\users\2busty\desktop\styx client\kisse client\x64\release\velocityfly.obj
c:\users\2busty\desktop\styx client\kisse client\x64\release\classloader.obj
c:\users\2busty\desktop\styx client\kisse client\x64\release\block.obj
c:\users\2busty\desktop\styx client\kisse client\x64\release\minecraft.obj
c:\users\2busty\desktop\styx client\kisse client\x64\release\entityplayer.obj
c:\users\2busty\desktop\styx client\kisse client\x64\release\c06packetplayerposlook.obj
c:\users\2busty\desktop\styx client\kisse client\x64\release\axisalignedbb.obj
c:\users\2busty\desktop\styx client\kisse client\x64\release\capstone.obj
c:\users\2busty\desktop\styx client\kisse client\x64\release\module.obj
c:\users\2busty\desktop\styx client\kisse client\x64\release\maths.obj
c:\users\2busty\desktop\styx client\kisse client\x64\release\blink.obj
c:\users\2busty\desktop\styx client\kisse client\x64\release\modules.obj
c:\users\2busty\desktop\styx client\kisse client\x64\release\sprint.obj
c:\users\2busty\desktop\styx client\kisse client\x64\release\imgui_impl_win32.obj
c:\users\2busty\desktop\styx client\kisse client\x64\release\map.obj
c:\users\2busty\desktop\styx client\kisse client\x64\release\gamesettings.obj
c:\users\2busty\desktop\styx client\kisse client\x64\release\movingobjecttype.obj
c:\users\2busty\desktop\styx client\kisse client\x64\release\legitscaffold.obj
c:\users\2busty\desktop\styx client\kisse client\x64\release\wtap.obj
c:\users\2busty\desktop\styx client\kisse client\x64\release\object.obj
c:\users\2busty\desktop\styx client\kisse client\x64\release\entityplayersp.obj
c:\users\2busty\desktop\styx client\kisse client\x64\release\s12packetentityvelocity.obj
c:\users\2busty\desktop\styx client\kisse client\x64\release\javaclassv2.obj
c:\users\2busty\desktop\styx client\kisse client\x64\release\speed.obj
c:\users\2busty\desktop\styx client\kisse client\x64\release\imgui_widgets.obj
c:\users\2busty\desktop\styx client\kisse client\x64\release\collection.obj
c:\users\2busty\desktop\styx client\kisse client\x64\release\nethandlerplayclient.obj
c:\users\2busty\desktop\styx client\kisse client\x64\release\blockpos.obj
c:\users\2busty\desktop\styx client\kisse client\x64\release\fullbright.obj
c:\users\2busty\desktop\styx client\kisse client\x64\release\channelhandlercontext.obj
c:\users\2busty\desktop\styx client\kisse client\x64\release\string.obj
c:\users\2busty\desktop\styx client\kisse client\x64\release\main.obj
c:\users\2busty\desktop\styx client\kisse client\x64\release\guiscreen.obj
c:\users\2busty\desktop\styx client\kisse client\x64\release\entitylivingbase.obj
c:\users\2busty\desktop\styx client\kisse client\x64\release\c03packetplayer.obj
c:\users\2busty\desktop\styx client\kisse client\x64\release\clientbounddamageeventpacket.obj
c:\users\2busty\desktop\styx client\kisse client\x64\release\cache.obj
c:\users\2busty\desktop\styx client\kisse client\x64\release\clientbrandchanger.obj
c:\users\2busty\desktop\styx client\kisse client\x64\release\nofall.obj
c:\users\2busty\desktop\styx client\kisse client\x64\release\velocity.obj
c:\users\2busty\desktop\styx client\kisse client\x64\release\imgui_impl_opengl3.obj
c:\users\2busty\desktop\styx client\kisse client\x64\release\intbuffer.obj
c:\users\2busty\desktop\styx client\kisse client\x64\release\keybinding.obj
c:\users\2busty\desktop\styx client\kisse client\x64\release\timer.obj
c:\users\2busty\desktop\styx client\kisse client\x64\release\kisse.obj
c:\users\2busty\desktop\styx client\kisse client\x64\release\imgui_demo.obj
c:\users\2busty\desktop\styx client\kisse client\x64\release\system.obj
c:\users\2busty\desktop\styx client\kisse client\x64\release\activerenderinfo.obj
c:\users\2busty\desktop\styx client\kisse client\x64\release\s19packetentitystatus.obj
c:\users\2busty\desktop\styx client\kisse client\x64\release\aimassist.obj
c:\users\2busty\desktop\styx client\kisse client\x64\release\velocitypacket.obj
c:\users\2busty\desktop\styx client\kisse client\x64\release\imgui.obj
c:\users\2busty\desktop\styx client\kisse client\x64\release\login.obj
c:\users\2busty\desktop\styx client\kisse client\x64\release\abstractclientplayer.obj
c:\users\2busty\desktop\styx client\kisse client\x64\release\packet.obj
c:\users\2busty\desktop\styx client\kisse client\x64\release\gui.obj
c:\users\2busty\desktop\styx client\kisse client\x64\release\reach.obj
c:\users\2busty\desktop\styx client\kisse client\x64\release\double.obj
c:\users\2busty\desktop\styx client\kisse client\x64\release\optioninstance.obj
c:\users\2busty\desktop\styx client\kisse client\x64\release\vec3.obj
c:\users\2busty\desktop\styx client\kisse client\x64\release\glide.obj
c:\users\2busty\desktop\styx client\kisse client\x64\release\ctimer.obj
c:\users\2busty\desktop\styx client\kisse client\x64\release\criticals.obj
c:\users\2busty\desktop\styx - copie\kisse client\x64\release\object.obj
c:\users\2busty\desktop\styx - copie\kisse client\x64\release\playercontrollermp.obj
c:\users\2busty\desktop\styx - copie\kisse client\x64\release\entityplayer.obj
c:\users\2busty\desktop\styx - copie\kisse client\x64\release\vec3.obj
c:\users\2busty\desktop\styx - copie\kisse client\x64\release\clientbrandchanger.obj
c:\users\2busty\desktop\styx - copie\kisse client\x64\release\sprint.obj
c:\users\2busty\desktop\styx - copie\kisse client\x64\release\hotspot.obj
c:\users\2busty\desktop\styx - copie\kisse client\x64\release\nethandlerplayclient.obj
c:\users\2busty\desktop\styx - copie\kisse client\x64\release\c06packetplayerposlook.obj
c:\users\2busty\desktop\styx - copie\kisse client\x64\release\gui.obj
c:\users\2busty\desktop\styx - copie\kisse client\x64\release\modules.obj
c:\users\2busty\desktop\styx - copie\kisse client\x64\release\kisse.obj
c:\users\2busty\desktop\styx - copie\kisse client\x64\release\imgui_impl_opengl3.obj
c:\users\2busty\desktop\styx - copie\kisse client\x64\release\floatbuffer.obj
c:\users\2busty\desktop\styx - copie\kisse client\x64\release\iblockstate.obj
c:\users\2busty\desktop\styx - copie\kisse client\x64\release\entity.obj
c:\users\2busty\desktop\styx - copie\kisse client\x64\release\axisalignedbb.obj
c:\users\2busty\desktop\styx - copie\kisse client\x64\release\backtrack.obj
c:\users\2busty\desktop\styx - copie\kisse client\x64\release\reach.obj
c:\users\2busty\desktop\styx - copie\kisse client\x64\release\double.obj
c:\users\2busty\desktop\styx - copie\kisse client\x64\release\minecraft.obj
c:\users\2busty\desktop\styx - copie\kisse client\x64\release\networkmanager.obj
c:\users\2busty\desktop\styx - copie\kisse client\x64\release\blockpos.obj
c:\users\2busty\desktop\styx - copie\kisse client\x64\release\maths.obj
c:\users\2busty\desktop\styx - copie\kisse client\x64\release\nofall.obj
c:\users\2busty\desktop\styx - copie\kisse client\x64\release\ctimer.obj
c:\users\2busty\desktop\styx - copie\kisse client\x64\release\imgui_impl_win32.obj
c:\users\2busty\desktop\styx - copie\kisse client\x64\release\map.obj
c:\users\2busty\desktop\styx - copie\kisse client\x64\release\worldclient.obj
c:\users\2busty\desktop\styx - copie\kisse client\x64\release\c04packetplayerposition.obj
c:\users\2busty\desktop\styx - copie\kisse client\x64\release\movingobjecttype.obj
c:\users\2busty\desktop\styx - copie\kisse client\x64\release\fastplace.obj
c:\users\2busty\desktop\styx - copie\kisse client\x64\release\theme.obj
c:\users\2busty\desktop\styx - copie\kisse client\x64\release\channelhandlercontext.obj
c:\users\2busty\desktop\styx - copie\kisse client\x64\release\system.obj
c:\users\2busty\desktop\styx - copie\kisse client\x64\release\abstractclientplayer.obj
c:\users\2busty\desktop\styx - copie\kisse client\x64\release\entitylivingbase.obj
c:\users\2busty\desktop\styx - copie\kisse client\x64\release\movingobjectposition.obj
c:\users\2busty\desktop\styx - copie\kisse client\x64\release\aimassist.obj
c:\users\2busty\desktop\styx - copie\kisse client\x64\release\nomiss.obj
c:\users\2busty\desktop\styx - copie\kisse client\x64\release\imgui.obj
c:\users\2busty\desktop\styx - copie\kisse client\x64\release\criticals.obj
c:\users\2busty\desktop\styx - copie\kisse client\x64\release\optioninstance.obj
c:\users\2busty\desktop\styx - copie\kisse client\x64\release\s12packetentityvelocity.obj
c:\users\2busty\desktop\styx - copie\kisse client\x64\release\cache.obj
c:\users\2busty\desktop\styx - copie\kisse client\x64\release\glide.obj
c:\users\2busty\desktop\styx - copie\kisse client\x64\release\velocityfly.obj
c:\users\2busty\desktop\styx - copie\kisse client\x64\release\imgui_demo.obj
c:\users\2busty\desktop\styx - copie\kisse client\x64\release\string.obj
c:\users\2busty\desktop\styx - copie\kisse client\x64\release\main.obj
c:\users\2busty\desktop\styx - copie\kisse client\x64\release\gamesettings.obj
c:\users\2busty\desktop\styx - copie\kisse client\x64\release\s19packetentitystatus.obj
c:\users\2busty\desktop\styx - copie\kisse client\x64\release\module.obj
c:\users\2busty\desktop\styx - copie\kisse client\x64\release\autoclicker.obj
c:\users\2busty\desktop\styx - copie\kisse client\x64\release\xray.obj
c:\users\2busty\desktop\styx - copie\kisse client\x64\release\imgui_tables.obj
c:\users\2busty\desktop\styx - copie\kisse client\x64\release\list.obj
c:\users\2busty\desktop\styx - copie\kisse client\x64\release\entityplayersp.obj
c:\users\2busty\desktop\styx - copie\kisse client\x64\release\c03packetplayer.obj
c:\users\2busty\desktop\styx - copie\kisse client\x64\release\timer.obj
c:\users\2busty\desktop\styx - copie\kisse client\x64\release\blink.obj
c:\users\2busty\desktop\styx - copie\kisse client\x64\release\velocitypacket.obj
c:\users\2busty\desktop\styx - copie\kisse client\x64\release\imgui_draw.obj
c:\users\2busty\desktop\styx - copie\kisse client\x64\release\intbuffer.obj
c:\users\2busty\desktop\styx - copie\kisse client\x64\release\block.obj
c:\users\2busty\desktop\styx - copie\kisse client\x64\release\keybinding.obj
c:\users\2busty\desktop\styx - copie\kisse client\x64\release\clientbounddamageeventpacket.obj
c:\users\2busty\desktop\styx - copie\kisse client\x64\release\javaclassv2.obj
c:\users\2busty\desktop\styx - copie\kisse client\x64\release\velocity.obj
c:\users\2busty\desktop\styx - copie\kisse client\x64\release\classloader.obj
c:\users\2busty\desktop\styx - copie\kisse client\x64\release\activerenderinfo.obj
c:\users\2busty\desktop\styx - copie\kisse client\x64\release\s14packetentity.obj
c:\users\2busty\desktop\styx - copie\kisse client\x64\release\capstone.obj
c:\users\2busty\desktop\styx - copie\kisse client\x64\release\javahook.obj
c:\users\2busty\desktop\styx - copie\kisse client\x64\release\legitscaffold.obj
c:\users\2busty\desktop\styx - copie\kisse client\x64\release\wtap.obj
c:\users\2busty\desktop\styx - copie\kisse client\x64\release\imgui_widgets.obj
c:\users\2busty\desktop\styx - copie\kisse client\x64\release\collection.obj
c:\users\2busty\desktop\styx - copie\kisse client\x64\release\guiscreen.obj
c:\users\2busty\desktop\styx - copie\kisse client\x64\release\packet.obj
c:\users\2busty\desktop\styx - copie\kisse client\x64\release\world.obj
c:\users\2busty\desktop\styx - copie\kisse client\x64\release\fullbright.obj
c:\users\2busty\desktop\styx - copie\kisse client\x64\release\speed.obj
c:\users\2busty\desktop\styx client\x64\release\kisse client.dll
c:\users\2busty\desktop\styx client\kisse client\x64\release\kisse client.ipdb
c:\users\2busty\desktop\styx client\kisse client\x64\release\kisse client.iobj
c:\users\2busty\desktop\styx - copie\kisse client\x64\release\hitboxes.obj
c:\users\2busty\desktop\styx - copie\kisse client\x64\release\hitselect.obj
c:\users\2busty\desktop\styx - copie\kisse client\x64\release\miniz.obj
c:\users\2busty\desktop\styx - copie\kisse client\x64\release\kisse client.ipdb
c:\users\2busty\desktop\styx - copie\kisse client\x64\release\kisse client.iobj
c:\users\2busty\desktop\styx - copie\kisse client\x64\release\vc143.pdb
c:\users\2busty\desktop\styx - copie\x64\release\kisse client.dll
c:\users\2busty\desktop\styx - copie\kisse client\x64\release\kisse client.tlog\cl.command.1.tlog
c:\users\2busty\desktop\styx - copie\kisse client\x64\release\kisse client.tlog\cl.items.tlog
c:\users\2busty\desktop\styx - copie\kisse client\x64\release\kisse client.tlog\cl.read.1.tlog
c:\users\2busty\desktop\styx - copie\kisse client\x64\release\kisse client.tlog\cl.write.1.tlog
c:\users\2busty\desktop\styx - copie\kisse client\x64\release\kisse client.tlog\link.command.1.tlog
c:\users\2busty\desktop\styx - copie\kisse client\x64\release\kisse client.tlog\link.read.1.tlog
c:\users\2busty\desktop\styx - copie\kisse client\x64\release\kisse client.tlog\link.secondary.1.tlog
c:\users\2busty\desktop\styx - copie\kisse client\x64\release\kisse client.tlog\link.write.1.tlog
