c:\users\2busty\desktop\styx - copie\kisse client\x64\debug\vc143.pdb
c:\users\2busty\desktop\styx - copie\kisse client\x64\debug\vc143.idb
c:\users\2busty\desktop\styx - copie\kisse client\x64\debug\miniz.obj
c:\users\2busty\desktop\styx - copie\kisse client\x64\debug\channelhandlercontext.obj
c:\users\2busty\desktop\styx - copie\kisse client\x64\debug\string.obj
c:\users\2busty\desktop\styx - copie\kisse client\x64\debug\main.obj
c:\users\2busty\desktop\styx - copie\kisse client\x64\debug\gamesettings.obj
c:\users\2busty\desktop\styx - copie\kisse client\x64\debug\s19packetentitystatus.obj
c:\users\2busty\desktop\styx - copie\kisse client\x64\debug\module.obj
c:\users\2busty\desktop\styx - copie\kisse client\x64\debug\autoclicker.obj
c:\users\2busty\desktop\styx - copie\kisse client\x64\debug\velocitypacket.obj
c:\users\2busty\desktop\styx - copie\kisse client\x64\debug\imgui_draw.obj
c:\users\2busty\desktop\styx - copie\kisse client\x64\debug\intbuffer.obj
c:\users\2busty\desktop\styx - copie\kisse client\x64\debug\playercontrollermp.obj
c:\users\2busty\desktop\styx - copie\kisse client\x64\debug\c03packetplayer.obj
c:\users\2busty\desktop\styx - copie\kisse client\x64\debug\world.obj
c:\users\2busty\desktop\styx - copie\kisse client\x64\debug\fullbright.obj
c:\users\2busty\desktop\styx - copie\kisse client\x64\debug\velocityfly.obj
c:\users\2busty\desktop\styx - copie\kisse client\x64\debug\imgui_demo.obj
c:\users\2busty\desktop\styx - copie\kisse client\x64\debug\floatbuffer.obj
c:\users\2busty\desktop\styx - copie\kisse client\x64\debug\iblockstate.obj
c:\users\2busty\desktop\styx - copie\kisse client\x64\debug\keybinding.obj
c:\users\2busty\desktop\styx - copie\kisse client\x64\debug\clientbounddamageeventpacket.obj
c:\users\2busty\desktop\styx - copie\kisse client\x64\debug\javaclassv2.obj
c:\users\2busty\desktop\styx - copie\kisse client\x64\debug\speed.obj
c:\users\2busty\desktop\styx - copie\kisse client\x64\debug\classloader.obj
c:\users\2busty\desktop\styx - copie\kisse client\x64\debug\login.obj
c:\users\2busty\desktop\styx - copie\kisse client\x64\debug\activerenderinfo.obj
c:\users\2busty\desktop\styx - copie\kisse client\x64\debug\s14packetentity.obj
c:\users\2busty\desktop\styx - copie\kisse client\x64\debug\capstone.obj
c:\users\2busty\desktop\styx - copie\kisse client\x64\debug\javahook.obj
c:\users\2busty\desktop\styx - copie\kisse client\x64\debug\nofall.obj
c:\users\2busty\desktop\styx - copie\kisse client\x64\debug\ctimer.obj
c:\users\2busty\desktop\styx - copie\kisse client\x64\debug\hotspot.obj
c:\users\2busty\desktop\styx - copie\kisse client\x64\debug\guiscreen.obj
c:\users\2busty\desktop\styx - copie\kisse client\x64\debug\entitylivingbase.obj
c:\users\2busty\desktop\styx - copie\kisse client\x64\debug\blockpos.obj
c:\users\2busty\desktop\styx - copie\kisse client\x64\debug\backtrack.obj
c:\users\2busty\desktop\styx - copie\kisse client\x64\debug\theme.obj
c:\users\2busty\desktop\styx - copie\kisse client\x64\debug\imgui.obj
c:\users\2busty\desktop\styx - copie\kisse client\x64\debug\criticals.obj
c:\users\2busty\desktop\styx - copie\kisse client\x64\debug\optioninstance.obj
c:\users\2busty\desktop\styx - copie\kisse client\x64\debug\s12packetentityvelocity.obj
c:\users\2busty\desktop\styx - copie\kisse client\x64\debug\gui.obj
c:\users\2busty\desktop\styx - copie\kisse client\x64\debug\modules.obj
c:\users\2busty\desktop\styx - copie\kisse client\x64\debug\kisse.obj
c:\users\2busty\desktop\styx - copie\kisse client\x64\debug\object.obj
c:\users\2busty\desktop\styx - copie\kisse client\x64\debug\abstractclientplayer.obj
c:\users\2busty\desktop\styx - copie\kisse client\x64\debug\entity.obj
c:\users\2busty\desktop\styx - copie\kisse client\x64\debug\movingobjectposition.obj
c:\users\2busty\desktop\styx - copie\kisse client\x64\debug\aimassist.obj
c:\users\2busty\desktop\styx - copie\kisse client\x64\debug\nomiss.obj
c:\users\2busty\desktop\styx - copie\kisse client\x64\debug\double.obj
c:\users\2busty\desktop\styx - copie\kisse client\x64\debug\block.obj
c:\users\2busty\desktop\styx - copie\kisse client\x64\debug\entityplayer.obj
c:\users\2busty\desktop\styx - copie\kisse client\x64\debug\axisalignedbb.obj
c:\users\2busty\desktop\styx - copie\kisse client\x64\debug\maths.obj
c:\users\2busty\desktop\styx - copie\kisse client\x64\debug\glide.obj
c:\users\2busty\desktop\styx - copie\kisse client\x64\debug\wtap.obj
c:\users\2busty\desktop\styx - copie\kisse client\x64\debug\imgui_impl_opengl3.obj
c:\users\2busty\desktop\styx - copie\kisse client\x64\debug\list.obj
c:\users\2busty\desktop\styx - copie\kisse client\x64\debug\worldclient.obj
c:\users\2busty\desktop\styx - copie\kisse client\x64\debug\c04packetplayerposition.obj
c:\users\2busty\desktop\styx - copie\kisse client\x64\debug\vec3.obj
c:\users\2busty\desktop\styx - copie\kisse client\x64\debug\fastplace.obj
c:\users\2busty\desktop\styx - copie\kisse client\x64\debug\velocity.obj
c:\users\2busty\desktop\styx - copie\kisse client\x64\debug\imgui_widgets.obj
c:\users\2busty\desktop\styx - copie\kisse client\x64\debug\collection.obj
c:\users\2busty\desktop\styx - copie\kisse client\x64\debug\entityplayersp.obj
c:\users\2busty\desktop\styx - copie\kisse client\x64\debug\networkmanager.obj
c:\users\2busty\desktop\styx - copie\kisse client\x64\debug\timer.obj
c:\users\2busty\desktop\styx - copie\kisse client\x64\debug\clientbrandchanger.obj
c:\users\2busty\desktop\styx - copie\kisse client\x64\debug\reach.obj
c:\users\2busty\desktop\styx - copie\kisse client\x64\debug\imgui_impl_win32.obj
c:\users\2busty\desktop\styx - copie\kisse client\x64\debug\map.obj
c:\users\2busty\desktop\styx - copie\kisse client\x64\debug\nethandlerplayclient.obj
c:\users\2busty\desktop\styx - copie\kisse client\x64\debug\c06packetplayerposlook.obj
c:\users\2busty\desktop\styx - copie\kisse client\x64\debug\cache.obj
c:\users\2busty\desktop\styx - copie\kisse client\x64\debug\legitscaffold.obj
c:\users\2busty\desktop\styx - copie\kisse client\x64\debug\xray.obj
c:\users\2busty\desktop\styx - copie\kisse client\x64\debug\imgui_tables.obj
c:\users\2busty\desktop\styx - copie\kisse client\x64\debug\system.obj
c:\users\2busty\desktop\styx - copie\kisse client\x64\debug\minecraft.obj
c:\users\2busty\desktop\styx - copie\kisse client\x64\debug\packet.obj
c:\users\2busty\desktop\styx - copie\kisse client\x64\debug\movingobjecttype.obj
c:\users\2busty\desktop\styx - copie\kisse client\x64\debug\blink.obj
c:\users\2busty\desktop\styx - copie\kisse client\x64\debug\sprint.obj
c:\users\2busty\desktop\kisse me\kisse client update gui private\kisse client\x64\debug\imgui_impl_win32.obj
c:\users\2busty\desktop\kisse me\kisse client update gui private\kisse client\x64\debug\imgui_impl_opengl3.obj
c:\users\2busty\desktop\kisse me\kisse client update gui private\kisse client\x64\debug\capstone.obj
c:\users\2busty\desktop\kisse me\kisse client update gui private\kisse client\x64\debug\module.obj
c:\users\2busty\desktop\kisse me\kisse client update gui private\kisse client\x64\debug\channelhandlercontext.obj
c:\users\2busty\desktop\kisse me\kisse client update gui private\kisse client\x64\debug\imgui_widgets.obj
c:\users\2busty\desktop\kisse me\kisse client update gui private\kisse client\x64\debug\imgui_demo.obj
c:\users\2busty\desktop\kisse me\kisse client update gui private\kisse client\x64\debug\maths.obj
c:\users\2busty\desktop\kisse me\kisse client update gui private\kisse client\x64\debug\imgui_tables.obj
c:\users\2busty\desktop\kisse me\kisse client update gui private\kisse client\x64\debug\imgui.obj
c:\users\2busty\desktop\kisse me\kisse client update gui private\kisse client\x64\debug\main.obj
c:\users\2busty\desktop\kisse me\kisse client update gui private\kisse client\x64\debug\imgui_draw.obj
c:\users\2busty\desktop\kisse me\kisse client update gui private\kisse client\x64\debug\s19packetentitystatus.obj
c:\users\2busty\desktop\kisse me\kisse client update gui private\kisse client\x64\debug\axisalignedbb.obj
c:\users\2busty\desktop\kisse me\kisse client update gui private\kisse client\x64\debug\s14packetentity.obj
c:\users\2busty\desktop\kisse me\kisse client update gui private\kisse client\x64\debug\collection.obj
c:\users\2busty\desktop\kisse me\kisse client update gui private\kisse client\x64\debug\nethandlerplayclient.obj
c:\users\2busty\desktop\kisse me\kisse client update gui private\kisse client\x64\debug\movingobjecttype.obj
c:\users\2busty\desktop\kisse me\kisse client update gui private\kisse client\x64\debug\guiscreen.obj
c:\users\2busty\desktop\kisse me\kisse client update gui private\kisse client\x64\debug\iblockstate.obj
c:\users\2busty\desktop\kisse me\kisse client update gui private\kisse client\x64\debug\networkmanager.obj
c:\users\2busty\desktop\kisse me\kisse client update gui private\kisse client\x64\debug\timer.obj
c:\users\2busty\desktop\kisse me\kisse client update gui private\kisse client\x64\debug\s12packetentityvelocity.obj
c:\users\2busty\desktop\kisse me\kisse client update gui private\kisse client\x64\debug\map.obj
c:\users\2busty\desktop\kisse me\kisse client update gui private\kisse client\x64\debug\string.obj
c:\users\2busty\desktop\kisse me\kisse client update gui private\kisse client\x64\debug\packet.obj
c:\users\2busty\desktop\kisse me\kisse client update gui private\kisse client\x64\debug\system.obj
c:\users\2busty\desktop\kisse me\kisse client update gui private\kisse client\x64\debug\list.obj
c:\users\2busty\desktop\kisse me\kisse client update gui private\kisse client\x64\debug\keybinding.obj
c:\users\2busty\desktop\kisse me\kisse client update gui private\kisse client\x64\debug\clientbounddamageeventpacket.obj
c:\users\2busty\desktop\kisse me\kisse client update gui private\kisse client\x64\debug\javahook.obj
f:\src\styx - copie\kisse client\x64\debug\hotspot.obj
f:\src\styx - copie\kisse client\x64\debug\minecraft.obj
f:\src\styx - copie\kisse client\x64\debug\packet.obj
f:\src\styx - copie\kisse client\x64\debug\timer.obj
f:\src\styx - copie\kisse client\x64\debug\clientbrandchanger.obj
f:\src\styx - copie\kisse client\x64\debug\theme.obj
f:\src\styx - copie\kisse client\x64\debug\imgui_impl_opengl3.obj
f:\src\styx - copie\kisse client\x64\debug\collection.obj
f:\src\styx - copie\kisse client\x64\debug\optioninstance.obj
f:\src\styx - copie\kisse client\x64\debug\c03packetplayer.obj
f:\src\styx - copie\kisse client\x64\debug\vec3.obj
f:\src\styx - copie\kisse client\x64\debug\fullbright.obj
f:\src\styx - copie\kisse client\x64\debug\velocityfly.obj
f:\src\styx - copie\kisse client\x64\debug\imgui_draw.obj
f:\src\styx - copie\kisse client\x64\debug\intbuffer.obj
f:\src\styx - copie\kisse client\x64\debug\nethandlerplayclient.obj
f:\src\styx - copie\kisse client\x64\debug\s12packetentityvelocity.obj
f:\src\styx - copie\kisse client\x64\debug\gui.obj
f:\src\styx - copie\kisse client\x64\debug\nofall.obj
f:\src\styx - copie\kisse client\x64\debug\ctimer.obj
f:\src\styx - copie\kisse client\x64\debug\double.obj
f:\src\styx - copie\kisse client\x64\debug\iblockstate.obj
f:\src\styx - copie\kisse client\x64\debug\keybinding.obj
f:\src\styx - copie\kisse client\x64\debug\clientbounddamageeventpacket.obj
f:\src\styx - copie\kisse client\x64\debug\maths.obj
f:\src\styx - copie\kisse client\x64\debug\legitscaffold.obj
f:\src\styx - copie\kisse client\x64\debug\xray.obj
f:\src\styx - copie\kisse client\x64\debug\imgui_tables.obj
f:\src\styx - copie\kisse client\x64\debug\floatbuffer.obj
f:\src\styx - copie\kisse client\x64\debug\worldclient.obj
f:\src\styx - copie\kisse client\x64\debug\c06packetplayerposlook.obj
f:\src\styx - copie\kisse client\x64\debug\world.obj
f:\src\styx - copie\kisse client\x64\debug\glide.obj
f:\src\styx - copie\kisse client\x64\debug\velocitypacket.obj
f:\src\styx - copie\kisse client\x64\debug\object.obj
f:\src\styx - copie\kisse client\x64\debug\entityplayersp.obj
f:\src\styx - copie\kisse client\x64\debug\networkmanager.obj
f:\src\styx - copie\kisse client\x64\debug\movingobjectposition.obj
f:\src\styx - copie\kisse client\x64\debug\blink.obj
f:\src\styx - copie\kisse client\x64\debug\sprint.obj
f:\src\styx - copie\kisse client\x64\debug\imgui_demo.obj
f:\src\styx - copie\kisse client\x64\debug\system.obj
f:\src\styx - copie\kisse client\x64\debug\abstractclientplayer.obj
f:\src\styx - copie\kisse client\x64\debug\entity.obj
f:\src\styx - copie\kisse client\x64\debug\blockpos.obj
f:\src\styx - copie\kisse client\x64\debug\backtrack.obj
f:\src\styx - copie\kisse client\x64\debug\reach.obj
f:\src\styx - copie\kisse client\x64\debug\imgui_impl_win32.obj
f:\src\styx - copie\kisse client\x64\debug\map.obj
f:\src\styx - copie\kisse client\x64\debug\playercontrollermp.obj
f:\src\styx - copie\kisse client\x64\debug\c04packetplayerposition.obj
f:\src\styx - copie\kisse client\x64\debug\cache.obj
f:\src\styx - copie\kisse client\x64\debug\autoclicker.obj
f:\src\styx - copie\kisse client\x64\debug\wtap.obj
f:\src\styx - copie\kisse client\x64\debug\classloader.obj
f:\src\styx - copie\kisse client\x64\debug\block.obj
f:\src\styx - copie\kisse client\x64\debug\entitylivingbase.obj
f:\src\styx - copie\kisse client\x64\debug\axisalignedbb.obj
f:\src\styx - copie\kisse client\x64\debug\aimassist.obj
f:\src\styx - copie\kisse client\x64\debug\speed.obj
f:\src\styx - copie\kisse client\x64\debug\channelhandlercontext.obj
f:\src\styx - copie\kisse client\x64\debug\string.obj
f:\src\styx - copie\kisse client\x64\debug\guiscreen.obj
f:\src\styx - copie\kisse client\x64\debug\entityplayer.obj
f:\src\styx - copie\kisse client\x64\debug\movingobjecttype.obj
f:\src\styx - copie\kisse client\x64\debug\fastplace.obj
f:\src\styx - copie\kisse client\x64\debug\velocity.obj
f:\src\styx - copie\kisse client\x64\debug\imgui_widgets.obj
f:\src\styx - copie\kisse client\x64\debug\list.obj
f:\src\styx - copie\kisse client\x64\debug\activerenderinfo.obj
f:\src\styx - copie\kisse client\x64\debug\s14packetentity.obj
f:\src\styx - copie\kisse client\x64\debug\capstone.obj
f:\src\styx - copie\kisse client\x64\debug\javahook.obj
f:\src\styx - copie\kisse client\x64\debug\modules.obj
f:\src\styx - copie\kisse client\x64\debug\kisse.obj
f:\src\styx - copie\kisse client\x64\debug\imgui.obj
f:\src\styx - copie\kisse client\x64\debug\main.obj
f:\src\styx - copie\kisse client\x64\debug\gamesettings.obj
f:\src\styx - copie\kisse client\x64\debug\s19packetentitystatus.obj
f:\src\styx - copie\kisse client\x64\debug\module.obj
f:\src\styx - copie\kisse client\x64\debug\javaclassv2.obj
f:\src\styx - copie\kisse client\x64\debug\nomiss.obj
f:\src\styx - copie\kisse client\x64\debug\vc143.pdb
f:\src\styx - copie\kisse client\x64\debug\vc143.idb
f:\src\styx - copie\kisse client\x64\debug\miniz.obj
f:\src\styx - copie\x64\debug\kisse client.dll
f:\src\styx - copie\x64\debug\kisse client.pdb
f:\src\styx - copie\kisse client\x64\debug\kisse client.ilk
f:\src\styx - copie\kisse client\x64\debug\criticals.obj
f:\src\styx - copie\kisse client\x64\debug\login.obj
f:\src\styx - copie\kisse client\x64\debug\kisse client.tlog\cl.command.1.tlog
f:\src\styx - copie\kisse client\x64\debug\kisse client.tlog\cl.items.tlog
f:\src\styx - copie\kisse client\x64\debug\kisse client.tlog\cl.read.1.tlog
f:\src\styx - copie\kisse client\x64\debug\kisse client.tlog\cl.write.1.tlog
f:\src\styx - copie\kisse client\x64\debug\kisse client.tlog\link.command.1.tlog
f:\src\styx - copie\kisse client\x64\debug\kisse client.tlog\link.read.1.tlog
f:\src\styx - copie\kisse client\x64\debug\kisse client.tlog\link.secondary.1.tlog
f:\src\styx - copie\kisse client\x64\debug\kisse client.tlog\link.write.1.tlog
